Thu Oct 11 14:15:53 CST 2018  [debug] AvalonLogSystem initialized using logfile 'velocity.log'
Thu Oct 11 14:15:53 CST 2018   [info] ************************************************************** 
Thu Oct 11 14:15:53 CST 2018   [info] Starting Jakarta Velocity v1.4
Thu Oct 11 14:15:53 CST 2018   [info] RuntimeInstance initializing.
Thu Oct 11 14:15:53 CST 2018   [info] Default Properties File: org\apache\velocity\runtime\defaults\velocity.properties
Thu Oct 11 14:15:53 CST 2018   [info] Trying to use logger class org.apache.velocity.runtime.log.AvalonLogSystem
Thu Oct 11 14:15:53 CST 2018   [info] Using logger class org.apache.velocity.runtime.log.AvalonLogSystem
Thu Oct 11 14:15:53 CST 2018   [info] Default ResourceManager initializing. (class org.apache.velocity.runtime.resource.ResourceManagerImpl)
Thu Oct 11 14:15:53 CST 2018   [info] Resource Loader Instantiated: org.apache.velocity.runtime.resource.loader.FileResourceLoader
Thu Oct 11 14:15:53 CST 2018   [info] FileResourceLoader : initialization starting.
Thu Oct 11 14:15:53 CST 2018   [info] FileResourceLoader : adding path './/TestConfig/'
Thu Oct 11 14:15:53 CST 2018   [info] FileResourceLoader : initialization complete.
Thu Oct 11 14:15:53 CST 2018   [info] ResourceCache : initialized. (class org.apache.velocity.runtime.resource.ResourceCacheImpl)
Thu Oct 11 14:15:53 CST 2018   [info] Default ResourceManager initialization complete.
Thu Oct 11 14:15:53 CST 2018   [info] Loaded System Directive: org.apache.velocity.runtime.directive.Literal
Thu Oct 11 14:15:53 CST 2018   [info] Loaded System Directive: org.apache.velocity.runtime.directive.Macro
Thu Oct 11 14:15:53 CST 2018   [info] Loaded System Directive: org.apache.velocity.runtime.directive.Parse
Thu Oct 11 14:15:53 CST 2018   [info] Loaded System Directive: org.apache.velocity.runtime.directive.Include
Thu Oct 11 14:15:53 CST 2018   [info] Loaded System Directive: org.apache.velocity.runtime.directive.Foreach
Thu Oct 11 14:15:53 CST 2018   [info] Created: 20 parsers.
Thu Oct 11 14:15:53 CST 2018   [info] Velocimacro : initialization starting.
Thu Oct 11 14:15:53 CST 2018   [info] Velocimacro : adding VMs from VM library template : VM_global_library.vm
Thu Oct 11 14:15:53 CST 2018   [info] ResourceManager : found VM_global_library.vm with loader org.apache.velocity.runtime.resource.loader.FileResourceLoader
Thu Oct 11 14:15:53 CST 2018   [info] Velocimacro :  VM library template macro registration complete.
Thu Oct 11 14:15:53 CST 2018   [info] Velocimacro : allowInline = true : VMs can be defined inline in templates
Thu Oct 11 14:15:53 CST 2018   [info] Velocimacro : allowInlineToOverride = false : VMs defined inline may NOT replace previous VM definitions
Thu Oct 11 14:15:53 CST 2018   [info] Velocimacro : allowInlineLocal = false : VMs defined inline will be  global in scope if allowed.
Thu Oct 11 14:15:53 CST 2018   [info] Velocimacro : messages on  : VM system will output logging messages
Thu Oct 11 14:15:53 CST 2018   [info] Velocimacro : autoload off  : VM system will not automatically reload global library macros
Thu Oct 11 14:15:53 CST 2018   [info] Velocimacro : initialization complete.
Thu Oct 11 14:15:53 CST 2018   [info] Velocity successfully started.
Thu Oct 11 14:15:53 CST 2018   [info] ResourceManager : found overview.vm with loader org.apache.velocity.runtime.resource.loader.FileResourceLoader
